<?xml version="1.0" encoding="UTF-8"?>
<!-- Generated by org.testng.reporters.JUnitReportReporter -->
<testsuite skipped="0" hostname="DESKTOP-JDKBA2B" name="testcases.testcase1" tests="1" failures="0" timestamp="24 May 2017 02:35:20 GMT" time="23.184" errors="0">
  <testcase name="testcase11" time="23.184" classname="testcases.testcase1"/>
</testsuite> <!-- testcases.testcase1 -->
