<?xml version="1.0" encoding="UTF-8"?>
<!-- Generated by org.testng.reporters.JUnitReportReporter -->
<testsuite skipped="0" hostname="DESKTOP-JDKBA2B" name="testcases.testcase" tests="1" failures="0" timestamp="31 May 2017 03:39:03 GMT" time="25.455" errors="0">
  <testcase name="testcase11" time="25.455" classname="testcases.testcase"/>
</testsuite> <!-- testcases.testcase -->
